<?xml version="1.0" encoding="UTF-8"?>
<!-- Generated by org.testng.reporters.JUnitReportReporter -->
<testsuite skipped="0" hostname="DESKTOP-8EQSD1V" name="FindBrokenLinksinSeleniumwithJavaStreams" tests="1" failures="0" timestamp="23 Sep 2021 06:30:07 GMT" time="51.451" errors="0">
  <testcase name="FindBrokenLinks" time="51.451" classname="FindBrokenLinksinSeleniumwithJavaStreams"/>
</testsuite> <!-- FindBrokenLinksinSeleniumwithJavaStreams -->
